
> startup-review-platform@1.0.0 start
> react-scripts start

(node:99405) [DEP_WEBPACK_DEV_SERVER_ON_AFTER_SETUP_MIDDLEWARE] DeprecationWarning: 'onAfterSetupMiddleware' option is deprecated. Please use the 'setupMiddlewares' option.
(Use `node --trace-deprecation ...` to show where the warning was created)
(node:99405) [DEP_WEBPACK_DEV_SERVER_ON_BEFORE_SETUP_MIDDLEWARE] DeprecationWarning: 'onBeforeSetupMiddleware' option is deprecated. Please use the 'setupMiddlewares' option.
Starting the development server...

Compiled with warnings.

[eslint] 
src/pages/DojoManagement.js
  Line 29:3:     'ListItemIcon' is defined but never used                                                                                  no-unused-vars
  Line 33:3:     'TextField' is defined but never used                                                                                     no-unused-vars
  Line 51:3:     'Storage' is defined but never used                                                                                       no-unused-vars
  Line 125:9:    'getProcessingStats' is assigned a value but never used                                                                   no-unused-vars
  Line 138:10:   'stats' is assigned a value but never used                                                                                no-unused-vars
  Line 170:10:   'step3StartTime' is assigned a value but never used                                                                       no-unused-vars
  Line 188:10:   'templateProcessingStatus' is assigned a value but never used                                                             no-unused-vars
  Line 191:10:   'lastExperimentId' is assigned a value but never used                                                                     no-unused-vars
  Line 202:10:   'classificationLoading' is assigned a value but never used                                                                no-unused-vars
  Line 202:33:   'setClassificationLoading' is assigned a value but never used                                                             no-unused-vars
  Line 203:10:   'classificationResults' is assigned a value but never used                                                                no-unused-vars
  Line 203:33:   'setClassificationResults' is assigned a value but never used                                                             no-unused-vars
  Line 233:6:    React Hook useEffect has a missing dependency: 'loadDojoData'. Either include it or remove the dependency array           react-hooks/exhaustive-deps
  Line 258:6:    React Hook useEffect has a missing dependency: 'runTemplateProcessing'. Either include it or remove the dependency array  react-hooks/exhaustive-deps
  Line 263:6:    React Hook useEffect has a missing dependency: 'loadCachedDecksCount'. Either include it or remove the dependency array   react-hooks/exhaustive-deps
  Line 333:9:    'cancelUpload' is assigned a value but never used                                                                         no-unused-vars
  Line 404:19:   'result' is assigned a value but never used                                                                               no-unused-vars
  Line 889:17:   'step3Total' is assigned a value but never used                                                                           no-unused-vars
  Line 1015:9:   'stopVisualAnalysis' is assigned a value but never used                                                                   no-unused-vars
  Line 1029:9:   'clearVisualAnalysisCache' is assigned a value but never used                                                             no-unused-vars
  Line 1075:9:   'runExtractionTest' is assigned a value but never used                                                                    no-unused-vars
  Line 1540:9:   'handleExperimentSelection' is assigned a value but never used                                                            no-unused-vars
  Line 1551:9:   'getExperimentById' is assigned a value but never used                                                                    no-unused-vars
  Line 3341:27:  'isSuccess' is assigned a value but never used                                                                            no-unused-vars

Search for the keywords to learn more about each warning.
To ignore, add // eslint-disable-next-line to the line before.

WARNING in [eslint] 
src/pages/DojoManagement.js
  Line 29:3:     'ListItemIcon' is defined but never used                                                                                  no-unused-vars
  Line 33:3:     'TextField' is defined but never used                                                                                     no-unused-vars
  Line 51:3:     'Storage' is defined but never used                                                                                       no-unused-vars
  Line 125:9:    'getProcessingStats' is assigned a value but never used                                                                   no-unused-vars
  Line 138:10:   'stats' is assigned a value but never used                                                                                no-unused-vars
  Line 170:10:   'step3StartTime' is assigned a value but never used                                                                       no-unused-vars
  Line 188:10:   'templateProcessingStatus' is assigned a value but never used                                                             no-unused-vars
  Line 191:10:   'lastExperimentId' is assigned a value but never used                                                                     no-unused-vars
  Line 202:10:   'classificationLoading' is assigned a value but never used                                                                no-unused-vars
  Line 202:33:   'setClassificationLoading' is assigned a value but never used                                                             no-unused-vars
  Line 203:10:   'classificationResults' is assigned a value but never used                                                                no-unused-vars
  Line 203:33:   'setClassificationResults' is assigned a value but never used                                                             no-unused-vars
  Line 233:6:    React Hook useEffect has a missing dependency: 'loadDojoData'. Either include it or remove the dependency array           react-hooks/exhaustive-deps
  Line 258:6:    React Hook useEffect has a missing dependency: 'runTemplateProcessing'. Either include it or remove the dependency array  react-hooks/exhaustive-deps
  Line 263:6:    React Hook useEffect has a missing dependency: 'loadCachedDecksCount'. Either include it or remove the dependency array   react-hooks/exhaustive-deps
  Line 333:9:    'cancelUpload' is assigned a value but never used                                                                         no-unused-vars
  Line 404:19:   'result' is assigned a value but never used                                                                               no-unused-vars
  Line 889:17:   'step3Total' is assigned a value but never used                                                                           no-unused-vars
  Line 1015:9:   'stopVisualAnalysis' is assigned a value but never used                                                                   no-unused-vars
  Line 1029:9:   'clearVisualAnalysisCache' is assigned a value but never used                                                             no-unused-vars
  Line 1075:9:   'runExtractionTest' is assigned a value but never used                                                                    no-unused-vars
  Line 1540:9:   'handleExperimentSelection' is assigned a value but never used                                                            no-unused-vars
  Line 1551:9:   'getExperimentById' is assigned a value but never used                                                                    no-unused-vars
  Line 3341:27:  'isSuccess' is assigned a value but never used                                                                            no-unused-vars

webpack compiled with 1 warning
(node:99405) [DEP0060] DeprecationWarning: The `util._extend` API is deprecated. Please use Object.assign() instead.
